{
  "stats": {
    "tests": 4,
    "passes": 0,
    "failures": 4,
    "duration": 8098,
    "start": "2018-08-09T17:38:52.722Z",
    "end": "2018-08-09T17:39:00.820Z"
  },
  "failures": [
    {
      "title": "Config Template name updates properly when changed",
      "fullTitle": "ConfigTemplateBuilderView Config Template name updates properly when changed",
      "duration": 5828,
      "errorCount": 1,
      "error": "1 failure: \n1 failed: TypeError: Cannot read property 'propertiesTopologyGridData' of undefined\n    at ConfigTemplateBuilderViewWithoutRequestManager.Object.<anonymous>.ConfigTemplateBuilderViewWithoutRequestManager.extractIncludedTopologyIds (/Users/tbird/Documents/projects/controltec/web-app/src/components/domains/config/ConfigTemplateBuilderView.tsx:909:36)\n    at ConfigTemplateBuilderViewWithoutRequestManager.Object.<anonymous>.ConfigTemplateBuilderViewWithoutRequestManager.renderMainView (/Users/tbird/Documents/projects/controltec/web-app/src/components/domains/config/ConfigTemplateBuilderView.tsx:582:34)\n    at ConfigTemplateBuilderViewWithoutRequestManager.Object.<anonymous>.ConfigTemplateBuilderViewWithoutRequestManager.render (/Users/tbird/Documents/projects/controltec/web-app/src/components/domains/config/ConfigTemplateBuilderView.tsx:344:33)\n    at finishClassComponent (/Users/tbird/Documents/projects/controltec/web-app/node_modules/react-dom/cjs/react-dom.development.js:13194:31)\n    at updateClassComponent (/Users/tbird/Documents/projects/controltec/web-app/node_modules/react-dom/cjs/react-dom.development.js:13156:10)\n    at beginWork (/Users/tbird/Documents/projects/controltec/web-app/node_modules/react-dom/cjs/react-dom.development.js:13825:14)\n    at performUnitOfWork (/Users/tbird/Documents/projects/controltec/web-app/node_modules/react-dom/cjs/react-dom.development.js:15864:12)\n    at workLoop (/Users/tbird/Documents/projects/controltec/web-app/node_modules/react-dom/cjs/react-dom.development.js:15903:24)\n    at renderRoot (/Users/tbird/Documents/projects/controltec/web-app/node_modules/react-dom/cjs/react-dom.development.js:15943:7)\n    at performWorkOnRoot (/Users/tbird/Documents/projects/controltec/web-app/node_modules/react-dom/cjs/react-dom.development.js:16561:22)\n    at performWork (/Users/tbird/Documents/projects/controltec/web-app/node_modules/react-dom/cjs/react-dom.development.js:16483:7)\n    at performSyncWork (/Users/tbird/Documents/projects/controltec/web-app/node_modules/react-dom/cjs/react-dom.development.js:16455:3)\n    at requestWork (/Users/tbird/Documents/projects/controltec/web-app/node_modules/react-dom/cjs/react-dom.development.js:16355:5)\n    at scheduleWork$1 (/Users/tbird/Documents/projects/controltec/web-app/node_modules/react-dom/cjs/react-dom.development.js:16219:11)\n    at scheduleRootUpdate (/Users/tbird/Documents/projects/controltec/web-app/node_modules/react-dom/cjs/react-dom.development.js:16786:3)\n    at updateContainerAtExpirationTime (/Users/tbird/Documents/projects/controltec/web-app/node_modules/react-dom/cjs/react-dom.development.js:16813:10)\n    at updateContainer (/Users/tbird/Documents/projects/controltec/web-app/node_modules/react-dom/cjs/react-dom.development.js:16840:10)\n    at ReactRoot.Object.<anonymous>.ReactRoot.render (/Users/tbird/Documents/projects/controltec/web-app/node_modules/react-dom/cjs/react-dom.development.js:17123:3)\n    at /Users/tbird/Documents/projects/controltec/web-app/node_modules/react-dom/cjs/react-dom.development.js:17263:14\n    at unbatchedUpdates (/Users/tbird/Documents/projects/controltec/web-app/node_modules/react-dom/cjs/react-dom.development.js:16680:10)\n    at legacyRenderSubtreeIntoContainer (/Users/tbird/Documents/projects/controltec/web-app/node_modules/react-dom/cjs/react-dom.development.js:17259:5)\n    at Object.render (/Users/tbird/Documents/projects/controltec/web-app/node_modules/react-dom/cjs/react-dom.development.js:17318:12)\n    at Object.render (/Users/tbird/Documents/projects/controltec/web-app/node_modules/enzyme-adapter-react-16/build/ReactSixteenAdapter.js:218:50)\n    at new ReactWrapper (/Users/tbird/Documents/projects/controltec/web-app/node_modules/enzyme/build/ReactWrapper.js:98:16)\n    at Object.mount (/Users/tbird/Documents/projects/controltec/web-app/node_modules/enzyme/build/mount.js:19:10)\n    at Object.<anonymous> (/Users/tbird/Documents/projects/controltec/web-app/src/components/domains/config/ConfigTemplateBuilderView.test.tsx:223:59)\n    at step (/Users/tbird/Documents/projects/controltec/web-app/src/components/domains/config/ConfigTemplateBuilderView.test.tsx:32:23)\n    at Object.next (/Users/tbird/Documents/projects/controltec/web-app/src/components/domains/config/ConfigTemplateBuilderView.test.tsx:13:53)\n    at /Users/tbird/Documents/projects/controltec/web-app/src/components/domains/config/ConfigTemplateBuilderView.test.tsx:7:71\n    at new Promise (<anonymous>)\n    at Object.<anonymous>.__awaiter (/Users/tbird/Documents/projects/controltec/web-app/src/components/domains/config/ConfigTemplateBuilderView.test.tsx:3:12)\n    at Object.<anonymous> (/Users/tbird/Documents/projects/controltec/web-app/src/components/domains/config/ConfigTemplateBuilderView.test.tsx:220:64)\n    at Object.asyncFn (/Users/tbird/Documents/projects/controltec/web-app/node_modules/jest-jasmine2/build/jasmine_async.js:108:37)\n    at resolve (/Users/tbird/Documents/projects/controltec/web-app/node_modules/jest-jasmine2/build/queue_runner.js:56:12)\n    at new Promise (<anonymous>)\n    at mapper (/Users/tbird/Documents/projects/controltec/web-app/node_modules/jest-jasmine2/build/queue_runner.js:43:19)\n    at promise.then (/Users/tbird/Documents/projects/controltec/web-app/node_modules/jest-jasmine2/build/queue_runner.js:87:41)\n    at <anonymous>\n    at process._tickCallback (internal/process/next_tick.js:188:7)"
    },
    {
      "title": "Config Template name displays properly when empty string",
      "fullTitle": "ConfigTemplateBuilderView Config Template name displays properly when empty string",
      "duration": 5828,
      "errorCount": 1,
      "error": "1 failure: \n1 failed: TypeError: Cannot read property 'propertiesTopologyGridData' of undefined\n    at ConfigTemplateBuilderViewWithoutRequestManager.Object.<anonymous>.ConfigTemplateBuilderViewWithoutRequestManager.extractIncludedTopologyIds (/Users/tbird/Documents/projects/controltec/web-app/src/components/domains/config/ConfigTemplateBuilderView.tsx:909:36)\n    at ConfigTemplateBuilderViewWithoutRequestManager.Object.<anonymous>.ConfigTemplateBuilderViewWithoutRequestManager.renderMainView (/Users/tbird/Documents/projects/controltec/web-app/src/components/domains/config/ConfigTemplateBuilderView.tsx:582:34)\n    at ConfigTemplateBuilderViewWithoutRequestManager.Object.<anonymous>.ConfigTemplateBuilderViewWithoutRequestManager.render (/Users/tbird/Documents/projects/controltec/web-app/src/components/domains/config/ConfigTemplateBuilderView.tsx:344:33)\n    at finishClassComponent (/Users/tbird/Documents/projects/controltec/web-app/node_modules/react-dom/cjs/react-dom.development.js:13194:31)\n    at updateClassComponent (/Users/tbird/Documents/projects/controltec/web-app/node_modules/react-dom/cjs/react-dom.development.js:13156:10)\n    at beginWork (/Users/tbird/Documents/projects/controltec/web-app/node_modules/react-dom/cjs/react-dom.development.js:13825:14)\n    at performUnitOfWork (/Users/tbird/Documents/projects/controltec/web-app/node_modules/react-dom/cjs/react-dom.development.js:15864:12)\n    at workLoop (/Users/tbird/Documents/projects/controltec/web-app/node_modules/react-dom/cjs/react-dom.development.js:15903:24)\n    at renderRoot (/Users/tbird/Documents/projects/controltec/web-app/node_modules/react-dom/cjs/react-dom.development.js:15943:7)\n    at performWorkOnRoot (/Users/tbird/Documents/projects/controltec/web-app/node_modules/react-dom/cjs/react-dom.development.js:16561:22)\n    at performWork (/Users/tbird/Documents/projects/controltec/web-app/node_modules/react-dom/cjs/react-dom.development.js:16483:7)\n    at performSyncWork (/Users/tbird/Documents/projects/controltec/web-app/node_modules/react-dom/cjs/react-dom.development.js:16455:3)\n    at requestWork (/Users/tbird/Documents/projects/controltec/web-app/node_modules/react-dom/cjs/react-dom.development.js:16355:5)\n    at scheduleWork$1 (/Users/tbird/Documents/projects/controltec/web-app/node_modules/react-dom/cjs/react-dom.development.js:16219:11)\n    at scheduleRootUpdate (/Users/tbird/Documents/projects/controltec/web-app/node_modules/react-dom/cjs/react-dom.development.js:16786:3)\n    at updateContainerAtExpirationTime (/Users/tbird/Documents/projects/controltec/web-app/node_modules/react-dom/cjs/react-dom.development.js:16813:10)\n    at updateContainer (/Users/tbird/Documents/projects/controltec/web-app/node_modules/react-dom/cjs/react-dom.development.js:16840:10)\n    at ReactRoot.Object.<anonymous>.ReactRoot.render (/Users/tbird/Documents/projects/controltec/web-app/node_modules/react-dom/cjs/react-dom.development.js:17123:3)\n    at /Users/tbird/Documents/projects/controltec/web-app/node_modules/react-dom/cjs/react-dom.development.js:17263:14\n    at unbatchedUpdates (/Users/tbird/Documents/projects/controltec/web-app/node_modules/react-dom/cjs/react-dom.development.js:16680:10)\n    at legacyRenderSubtreeIntoContainer (/Users/tbird/Documents/projects/controltec/web-app/node_modules/react-dom/cjs/react-dom.development.js:17259:5)\n    at Object.render (/Users/tbird/Documents/projects/controltec/web-app/node_modules/react-dom/cjs/react-dom.development.js:17318:12)\n    at Object.render (/Users/tbird/Documents/projects/controltec/web-app/node_modules/enzyme-adapter-react-16/build/ReactSixteenAdapter.js:218:50)\n    at new ReactWrapper (/Users/tbird/Documents/projects/controltec/web-app/node_modules/enzyme/build/ReactWrapper.js:98:16)\n    at Object.mount (/Users/tbird/Documents/projects/controltec/web-app/node_modules/enzyme/build/mount.js:19:10)\n    at Object.<anonymous> (/Users/tbird/Documents/projects/controltec/web-app/src/components/domains/config/ConfigTemplateBuilderView.test.tsx:261:59)\n    at step (/Users/tbird/Documents/projects/controltec/web-app/src/components/domains/config/ConfigTemplateBuilderView.test.tsx:32:23)\n    at Object.next (/Users/tbird/Documents/projects/controltec/web-app/src/components/domains/config/ConfigTemplateBuilderView.test.tsx:13:53)\n    at /Users/tbird/Documents/projects/controltec/web-app/src/components/domains/config/ConfigTemplateBuilderView.test.tsx:7:71\n    at new Promise (<anonymous>)\n    at Object.<anonymous>.__awaiter (/Users/tbird/Documents/projects/controltec/web-app/src/components/domains/config/ConfigTemplateBuilderView.test.tsx:3:12)\n    at Object.<anonymous> (/Users/tbird/Documents/projects/controltec/web-app/src/components/domains/config/ConfigTemplateBuilderView.test.tsx:260:70)\n    at Object.asyncFn (/Users/tbird/Documents/projects/controltec/web-app/node_modules/jest-jasmine2/build/jasmine_async.js:108:37)\n    at resolve (/Users/tbird/Documents/projects/controltec/web-app/node_modules/jest-jasmine2/build/queue_runner.js:56:12)\n    at new Promise (<anonymous>)\n    at mapper (/Users/tbird/Documents/projects/controltec/web-app/node_modules/jest-jasmine2/build/queue_runner.js:43:19)\n    at promise.then (/Users/tbird/Documents/projects/controltec/web-app/node_modules/jest-jasmine2/build/queue_runner.js:87:41)\n    at <anonymous>\n    at process._tickCallback (internal/process/next_tick.js:188:7)"
    },
    {
      "title": "Topology select dialog can be opened and closed properly",
      "fullTitle": "ConfigTemplateBuilderView Topology select dialog can be opened and closed properly",
      "duration": 5828,
      "errorCount": 1,
      "error": "1 failure: \n1 failed: TypeError: Cannot read property 'propertiesTopologyGridData' of undefined\n    at ConfigTemplateBuilderViewWithoutRequestManager.Object.<anonymous>.ConfigTemplateBuilderViewWithoutRequestManager.extractIncludedTopologyIds (/Users/tbird/Documents/projects/controltec/web-app/src/components/domains/config/ConfigTemplateBuilderView.tsx:909:36)\n    at ConfigTemplateBuilderViewWithoutRequestManager.Object.<anonymous>.ConfigTemplateBuilderViewWithoutRequestManager.renderMainView (/Users/tbird/Documents/projects/controltec/web-app/src/components/domains/config/ConfigTemplateBuilderView.tsx:582:34)\n    at ConfigTemplateBuilderViewWithoutRequestManager.Object.<anonymous>.ConfigTemplateBuilderViewWithoutRequestManager.render (/Users/tbird/Documents/projects/controltec/web-app/src/components/domains/config/ConfigTemplateBuilderView.tsx:344:33)\n    at finishClassComponent (/Users/tbird/Documents/projects/controltec/web-app/node_modules/react-dom/cjs/react-dom.development.js:13194:31)\n    at updateClassComponent (/Users/tbird/Documents/projects/controltec/web-app/node_modules/react-dom/cjs/react-dom.development.js:13156:10)\n    at beginWork (/Users/tbird/Documents/projects/controltec/web-app/node_modules/react-dom/cjs/react-dom.development.js:13825:14)\n    at performUnitOfWork (/Users/tbird/Documents/projects/controltec/web-app/node_modules/react-dom/cjs/react-dom.development.js:15864:12)\n    at workLoop (/Users/tbird/Documents/projects/controltec/web-app/node_modules/react-dom/cjs/react-dom.development.js:15903:24)\n    at renderRoot (/Users/tbird/Documents/projects/controltec/web-app/node_modules/react-dom/cjs/react-dom.development.js:15943:7)\n    at performWorkOnRoot (/Users/tbird/Documents/projects/controltec/web-app/node_modules/react-dom/cjs/react-dom.development.js:16561:22)\n    at performWork (/Users/tbird/Documents/projects/controltec/web-app/node_modules/react-dom/cjs/react-dom.development.js:16483:7)\n    at performSyncWork (/Users/tbird/Documents/projects/controltec/web-app/node_modules/react-dom/cjs/react-dom.development.js:16455:3)\n    at requestWork (/Users/tbird/Documents/projects/controltec/web-app/node_modules/react-dom/cjs/react-dom.development.js:16355:5)\n    at scheduleWork$1 (/Users/tbird/Documents/projects/controltec/web-app/node_modules/react-dom/cjs/react-dom.development.js:16219:11)\n    at scheduleRootUpdate (/Users/tbird/Documents/projects/controltec/web-app/node_modules/react-dom/cjs/react-dom.development.js:16786:3)\n    at updateContainerAtExpirationTime (/Users/tbird/Documents/projects/controltec/web-app/node_modules/react-dom/cjs/react-dom.development.js:16813:10)\n    at updateContainer (/Users/tbird/Documents/projects/controltec/web-app/node_modules/react-dom/cjs/react-dom.development.js:16840:10)\n    at ReactRoot.Object.<anonymous>.ReactRoot.render (/Users/tbird/Documents/projects/controltec/web-app/node_modules/react-dom/cjs/react-dom.development.js:17123:3)\n    at /Users/tbird/Documents/projects/controltec/web-app/node_modules/react-dom/cjs/react-dom.development.js:17263:14\n    at unbatchedUpdates (/Users/tbird/Documents/projects/controltec/web-app/node_modules/react-dom/cjs/react-dom.development.js:16680:10)\n    at legacyRenderSubtreeIntoContainer (/Users/tbird/Documents/projects/controltec/web-app/node_modules/react-dom/cjs/react-dom.development.js:17259:5)\n    at Object.render (/Users/tbird/Documents/projects/controltec/web-app/node_modules/react-dom/cjs/react-dom.development.js:17318:12)\n    at Object.render (/Users/tbird/Documents/projects/controltec/web-app/node_modules/enzyme-adapter-react-16/build/ReactSixteenAdapter.js:218:50)\n    at new ReactWrapper (/Users/tbird/Documents/projects/controltec/web-app/node_modules/enzyme/build/ReactWrapper.js:98:16)\n    at Object.mount (/Users/tbird/Documents/projects/controltec/web-app/node_modules/enzyme/build/mount.js:19:10)\n    at Object.<anonymous> (/Users/tbird/Documents/projects/controltec/web-app/src/components/domains/config/ConfigTemplateBuilderView.test.tsx:299:59)\n    at step (/Users/tbird/Documents/projects/controltec/web-app/src/components/domains/config/ConfigTemplateBuilderView.test.tsx:32:23)\n    at Object.next (/Users/tbird/Documents/projects/controltec/web-app/src/components/domains/config/ConfigTemplateBuilderView.test.tsx:13:53)\n    at /Users/tbird/Documents/projects/controltec/web-app/src/components/domains/config/ConfigTemplateBuilderView.test.tsx:7:71\n    at new Promise (<anonymous>)\n    at Object.<anonymous>.__awaiter (/Users/tbird/Documents/projects/controltec/web-app/src/components/domains/config/ConfigTemplateBuilderView.test.tsx:3:12)\n    at Object.<anonymous> (/Users/tbird/Documents/projects/controltec/web-app/src/components/domains/config/ConfigTemplateBuilderView.test.tsx:298:70)\n    at Object.asyncFn (/Users/tbird/Documents/projects/controltec/web-app/node_modules/jest-jasmine2/build/jasmine_async.js:108:37)\n    at resolve (/Users/tbird/Documents/projects/controltec/web-app/node_modules/jest-jasmine2/build/queue_runner.js:56:12)\n    at new Promise (<anonymous>)\n    at mapper (/Users/tbird/Documents/projects/controltec/web-app/node_modules/jest-jasmine2/build/queue_runner.js:43:19)\n    at promise.then (/Users/tbird/Documents/projects/controltec/web-app/node_modules/jest-jasmine2/build/queue_runner.js:87:41)\n    at <anonymous>\n    at process._tickCallback (internal/process/next_tick.js:188:7)"
    },
    {
      "title": "onClose() callback triggered properly",
      "fullTitle": "ConfigTemplateBuilderView onClose() callback triggered properly",
      "duration": 5828,
      "errorCount": 1,
      "error": "1 failure: \n1 failed: TypeError: Cannot read property 'propertiesTopologyGridData' of undefined\n    at ConfigTemplateBuilderViewWithoutRequestManager.Object.<anonymous>.ConfigTemplateBuilderViewWithoutRequestManager.extractIncludedTopologyIds (/Users/tbird/Documents/projects/controltec/web-app/src/components/domains/config/ConfigTemplateBuilderView.tsx:909:36)\n    at ConfigTemplateBuilderViewWithoutRequestManager.Object.<anonymous>.ConfigTemplateBuilderViewWithoutRequestManager.renderMainView (/Users/tbird/Documents/projects/controltec/web-app/src/components/domains/config/ConfigTemplateBuilderView.tsx:582:34)\n    at ConfigTemplateBuilderViewWithoutRequestManager.Object.<anonymous>.ConfigTemplateBuilderViewWithoutRequestManager.render (/Users/tbird/Documents/projects/controltec/web-app/src/components/domains/config/ConfigTemplateBuilderView.tsx:344:33)\n    at finishClassComponent (/Users/tbird/Documents/projects/controltec/web-app/node_modules/react-dom/cjs/react-dom.development.js:13194:31)\n    at updateClassComponent (/Users/tbird/Documents/projects/controltec/web-app/node_modules/react-dom/cjs/react-dom.development.js:13156:10)\n    at beginWork (/Users/tbird/Documents/projects/controltec/web-app/node_modules/react-dom/cjs/react-dom.development.js:13825:14)\n    at performUnitOfWork (/Users/tbird/Documents/projects/controltec/web-app/node_modules/react-dom/cjs/react-dom.development.js:15864:12)\n    at workLoop (/Users/tbird/Documents/projects/controltec/web-app/node_modules/react-dom/cjs/react-dom.development.js:15903:24)\n    at renderRoot (/Users/tbird/Documents/projects/controltec/web-app/node_modules/react-dom/cjs/react-dom.development.js:15943:7)\n    at performWorkOnRoot (/Users/tbird/Documents/projects/controltec/web-app/node_modules/react-dom/cjs/react-dom.development.js:16561:22)\n    at performWork (/Users/tbird/Documents/projects/controltec/web-app/node_modules/react-dom/cjs/react-dom.development.js:16483:7)\n    at performSyncWork (/Users/tbird/Documents/projects/controltec/web-app/node_modules/react-dom/cjs/react-dom.development.js:16455:3)\n    at requestWork (/Users/tbird/Documents/projects/controltec/web-app/node_modules/react-dom/cjs/react-dom.development.js:16355:5)\n    at scheduleWork$1 (/Users/tbird/Documents/projects/controltec/web-app/node_modules/react-dom/cjs/react-dom.development.js:16219:11)\n    at scheduleRootUpdate (/Users/tbird/Documents/projects/controltec/web-app/node_modules/react-dom/cjs/react-dom.development.js:16786:3)\n    at updateContainerAtExpirationTime (/Users/tbird/Documents/projects/controltec/web-app/node_modules/react-dom/cjs/react-dom.development.js:16813:10)\n    at updateContainer (/Users/tbird/Documents/projects/controltec/web-app/node_modules/react-dom/cjs/react-dom.development.js:16840:10)\n    at ReactRoot.Object.<anonymous>.ReactRoot.render (/Users/tbird/Documents/projects/controltec/web-app/node_modules/react-dom/cjs/react-dom.development.js:17123:3)\n    at /Users/tbird/Documents/projects/controltec/web-app/node_modules/react-dom/cjs/react-dom.development.js:17263:14\n    at unbatchedUpdates (/Users/tbird/Documents/projects/controltec/web-app/node_modules/react-dom/cjs/react-dom.development.js:16680:10)\n    at legacyRenderSubtreeIntoContainer (/Users/tbird/Documents/projects/controltec/web-app/node_modules/react-dom/cjs/react-dom.development.js:17259:5)\n    at Object.render (/Users/tbird/Documents/projects/controltec/web-app/node_modules/react-dom/cjs/react-dom.development.js:17318:12)\n    at Object.render (/Users/tbird/Documents/projects/controltec/web-app/node_modules/enzyme-adapter-react-16/build/ReactSixteenAdapter.js:218:50)\n    at new ReactWrapper (/Users/tbird/Documents/projects/controltec/web-app/node_modules/enzyme/build/ReactWrapper.js:98:16)\n    at Object.mount (/Users/tbird/Documents/projects/controltec/web-app/node_modules/enzyme/build/mount.js:19:10)\n    at Object.<anonymous> (/Users/tbird/Documents/projects/controltec/web-app/src/components/domains/config/ConfigTemplateBuilderView.test.tsx:337:59)\n    at step (/Users/tbird/Documents/projects/controltec/web-app/src/components/domains/config/ConfigTemplateBuilderView.test.tsx:32:23)\n    at Object.next (/Users/tbird/Documents/projects/controltec/web-app/src/components/domains/config/ConfigTemplateBuilderView.test.tsx:13:53)\n    at /Users/tbird/Documents/projects/controltec/web-app/src/components/domains/config/ConfigTemplateBuilderView.test.tsx:7:71\n    at new Promise (<anonymous>)\n    at Object.<anonymous>.__awaiter (/Users/tbird/Documents/projects/controltec/web-app/src/components/domains/config/ConfigTemplateBuilderView.test.tsx:3:12)\n    at Object.<anonymous> (/Users/tbird/Documents/projects/controltec/web-app/src/components/domains/config/ConfigTemplateBuilderView.test.tsx:334:51)\n    at Object.asyncFn (/Users/tbird/Documents/projects/controltec/web-app/node_modules/jest-jasmine2/build/jasmine_async.js:108:37)\n    at resolve (/Users/tbird/Documents/projects/controltec/web-app/node_modules/jest-jasmine2/build/queue_runner.js:56:12)\n    at new Promise (<anonymous>)\n    at mapper (/Users/tbird/Documents/projects/controltec/web-app/node_modules/jest-jasmine2/build/queue_runner.js:43:19)\n    at promise.then (/Users/tbird/Documents/projects/controltec/web-app/node_modules/jest-jasmine2/build/queue_runner.js:87:41)\n    at <anonymous>\n    at process._tickCallback (internal/process/next_tick.js:188:7)"
    }
  ],
  "passes": [],
  "skipped": []
}